13.07.2016 11.19.07 ---> ***** Mes Database Synchronizer [ from: Oracle to: Mysql ] *****
13.07.2016 11.19.07 ---> Indirizzo ip di destinazione: 192.168.100.6
13.07.2016 11.19.07 ---> Inizio procedura di sincronizzazione...[ 13/07/2016 11.19.08 ]
13.07.2016 11.19.07 ---> Importazione dati su tabella di frontiera: F0006F - [ Anagrafica Centri ]
13.07.2016 11.19.07 ---> Pulitura tabella:
13.07.2016 11.19.07 ---> ... [ OK ]
13.07.2016 11.19.07 ---> Inserimento dati:
13.07.2016 11.19.07 ---> ... [   0 % ]
13.07.2016 11.19.07 ---> ... [ OK ]
13.07.2016 11.19.07 ---> Record inseriti: [ 93 ]
13.07.2016 11.19.07 ---> Importazione dati su tabella di frontiera: F0101F - [ Rubrica Indirizzi ]
13.07.2016 11.19.07 ---> Pulitura tabella:
13.07.2016 11.19.07 ---> ... [ OK ]
13.07.2016 11.19.07 ---> Inserimento dati:
13.07.2016 11.19.07 ---> ... [   0 % ]
13.07.2016 11.19.07 ---> ... [ OK ]
13.07.2016 11.19.07 ---> Record inseriti: [ 558 ]
13.07.2016 11.19.07 ---> Importazione dati su tabella di frontiera: F4801F - [ Testate Ordini di Produzione 1 ]
13.07.2016 11.19.07 ---> Pulitura tabella:
13.07.2016 11.19.07 ---> ... [ OK ]
13.07.2016 11.19.07 ---> Inserimento dati:
13.07.2016 11.19.07 ---> ... [   0 % ]
