13.07.2016 14.59.42 ---> ***** Mes Database Synchronizer [ from: Oracle to: Mysql ] *****
13.07.2016 14.59.42 ---> Indirizzo ip di destinazione: 192.168.100.6
13.07.2016 14.59.42 ---> Inizio procedura di sincronizzazione [ 13/07/2016 14.59.43 ]
13.07.2016 14.59.42 ---> Importazione dati su tabella di frontiera: F0006F - [ Anagrafica Centri ]
13.07.2016 14.59.42 ---> Pulitura tabella: .................................................................................................... [ OK ]
13.07.2016 14.59.42 ---> Inserimento dati: .................................................................................................... [ OK ]
13.07.2016 14.59.42 ---> Record inseriti: [ 93 ]
13.07.2016 14.59.42 ---> Importazione dati su tabella di frontiera: F0101F - [ Rubrica Indirizzi ]
13.07.2016 14.59.42 ---> Pulitura tabella: .................................................................................................... [ OK ]
13.07.2016 14.59.42 ---> Inserimento dati: .................................................................................................... [ OK ]
13.07.2016 14.59.42 ---> Record inseriti: [ 558 ]
13.07.2016 14.59.42 ---> Inizio procedura di elaborazione variazioni...
13.07.2016 14.59.42 ---> Aggiornamento dati modificati tabella: F0006 - [ Anagrafica Centri ]
13.07.2016 14.59.42 ---> Aggiornamento dati: .................................................................................................. [ OK ]
13.07.2016 14.59.42 ---> Record aggiornati: [ 0 ]
13.07.2016 14.59.42 ---> Inserimento nuovi dati: .............................................................................................. [ OK ]
13.07.2016 14.59.42 ---> Record inseriti: [ 0 ]
13.07.2016 14.59.42 ---> Cancellazione dati non necessari: .................................................................................... [ OK ]
13.07.2016 14.59.42 ---> Record cancellati: [ 0 ]
13.07.2016 14.59.42 ---> Aggiornamento dati modificati tabella: F0101 - [ Rubrica Indirizzi ]
13.07.2016 14.59.42 ---> Aggiornamento dati: .................................................................................................. [ OK ]
13.07.2016 14.59.42 ---> Record aggiornati: [ 0 ]
13.07.2016 14.59.42 ---> Inserimento nuovi dati: .............................................................................................. [ OK ]
13.07.2016 14.59.42 ---> Record inseriti: [ 0 ]
13.07.2016 14.59.42 ---> Cancellazione dati non necessari: .................................................................................... [ OK ]
13.07.2016 14.59.42 ---> Record cancellati: [ 0 ]
13.07.2016 14.59.42 ---> Aggiornamento dati modificati tabella: F4801 - [ Testate Ordini di Produzione 1 ]
13.07.2016 14.59.42 ---> Aggiornamento dati: .................................................................................................. [ OK ]
13.07.2016 14.59.42 ---> Record aggiornati: [ 0 ]
13.07.2016 14.59.42 ---> Inserimento nuovi dati: .............................................................................................. [ OK ]
13.07.2016 14.59.42 ---> Record inseriti: [ 0 ]
13.07.2016 14.59.42 ---> Cancellazione dati non necessari: .................................................................................... [ OK ]
13.07.2016 14.59.42 ---> Record cancellati: [ 0 ]
13.07.2016 14.59.42 ---> Aggiornamento dati modificati tabella: F4801T - [ Testate Ordini di Produzione 2 ]
13.07.2016 14.59.42 ---> Aggiornamento dati: .................................................................................................. [ OK ]
13.07.2016 14.59.42 ---> Record aggiornati: [ 22792 ]
13.07.2016 14.59.42 ---> Inserimento nuovi dati: .............................................................................................. [ OK ]
13.07.2016 14.59.42 ---> Record inseriti: [ 0 ]
13.07.2016 14.59.42 ---> Cancellazione dati non necessari: .................................................................................... [ OK ]
13.07.2016 14.59.42 ---> Record cancellati: [ 0 ]
13.07.2016 14.59.42 ---> Aggiornamento dati modificati tabella: F2112 - [ Cicli Ordini di Produzione ]
13.07.2016 14.59.42 ---> Aggiornamento dati: .................................................................................................. [ OK ]
13.07.2016 14.59.42 ---> Record aggiornati: [ 0 ]
13.07.2016 14.59.42 ---> Inserimento nuovi dati: .............................................................................................. [ OK ]
13.07.2016 14.59.42 ---> Record inseriti: [ 0 ]
13.07.2016 14.59.42 ---> Cancellazione dati non necessari: .................................................................................... [ OK ]
13.07.2016 14.59.42 ---> Record cancellati: [ 0 ]
13.07.2016 14.59.42 ---> Fine procedura di sincronizzazione [ 13/07/2016 14.59.51 ]
