13.07.2016 08.06.14 ---> ***** Mes Database Synchronizer [ from: Oracle to: Mysql ] *****
13.07.2016 08.06.14 ---> Indirizzo ip di destinazione: 192.168.100.6
13.07.2016 08.06.14 ---> Inizio procedura di sincronizzazione...[ 13/07/2016 08.06.15 ]
13.07.2016 08.06.14 ---> Importazione dati su tabella di frontiera: F0006F - [ Anagrafica Centri ]
13.07.2016 08.06.14 ---> Pulitura tabella:
13.07.2016 08.06.14 ---> ... [ OK ]
13.07.2016 08.06.14 ---> Inserimento dati:
13.07.2016 08.06.14 ---> ... [   0 % ]
13.07.2016 08.06.14 ---> ... [  10 % ]
13.07.2016 08.06.14 ---> ... [  20 % ]
13.07.2016 08.06.14 ---> ... [  30 % ]
13.07.2016 08.06.14 ---> ... [  40 % ]
13.07.2016 08.06.14 ---> ... [  60 % ]
13.07.2016 08.06.14 ---> ... [  70 % ]
13.07.2016 08.06.14 ---> ... [  80 % ]
13.07.2016 08.06.14 ---> ... [  90 % ]
13.07.2016 08.06.14 ---> ... [ 100 % ]
13.07.2016 08.06.14 ---> ... [ OK ]
13.07.2016 08.06.14 ---> Record inseriti: [ 93 ]
13.07.2016 08.06.14 ---> Importazione dati su tabella di frontiera: F0101F - [ Rubrica Indirizzi ]
13.07.2016 08.06.14 ---> Pulitura tabella:
13.07.2016 08.06.14 ---> ... [ OK ]
13.07.2016 08.06.14 ---> Inserimento dati:
13.07.2016 08.06.14 ---> ... [   0 % ]
13.07.2016 08.06.14 ---> ... [  10 % ]
13.07.2016 08.06.14 ---> ... [  20 % ]
13.07.2016 08.06.14 ---> ... [  30 % ]
13.07.2016 08.06.14 ---> ... [  40 % ]
13.07.2016 08.06.14 ---> ... [  50 % ]
13.07.2016 08.06.14 ---> ... [  60 % ]
13.07.2016 08.06.14 ---> ... [  70 % ]
13.07.2016 08.06.14 ---> ... [  80 % ]
13.07.2016 08.06.14 ---> ... [  90 % ]
13.07.2016 08.06.14 ---> ... [ 100 % ]
13.07.2016 08.06.14 ---> ... [ OK ]
13.07.2016 08.06.14 ---> Record inseriti: [ 558 ]
13.07.2016 08.06.14 ---> Importazione dati su tabella di frontiera: F4801F - [ Testate Ordini di Produzione 1 ]
13.07.2016 08.06.14 ---> Pulitura tabella:
13.07.2016 08.06.14 ---> ... [ OK ]
13.07.2016 08.06.14 ---> Inserimento dati:
13.07.2016 08.06.14 ---> ... [   0 % ]
