13.07.2016 15.03.51 ---> ***** Mes Database Synchronizer [ from: Oracle to: Mysql ] *****
13.07.2016 15.03.51 ---> Indirizzo ip di destinazione: 192.168.100.6
13.07.2016 15.03.51 ---> Inizio procedura di sincronizzazione [ 13/07/2016 15.03.52 ]
13.07.2016 15.03.51 ---> Importazione dati su tabella di frontiera: F0006F - [ Anagrafica Centri ]
13.07.2016 15.03.51 ---> Pulitura tabella: .................................................................................................... [ OK ]
13.07.2016 15.03.51 ---> Inserimento dati: .................................................................................................... [ OK ]
13.07.2016 15.03.51 ---> Record inseriti: [ 93 ]
13.07.2016 15.03.51 ---> Importazione dati su tabella di frontiera: F0101F - [ Rubrica Indirizzi ]
13.07.2016 15.03.51 ---> Pulitura tabella: .................................................................................................... [ OK ]
13.07.2016 15.03.51 ---> Inserimento dati: .................................................................................................... [ OK ]
13.07.2016 15.03.51 ---> Record inseriti: [ 558 ]
13.07.2016 15.03.51 ---> Inizio procedura di elaborazione variazioni...
13.07.2016 15.03.51 ---> Aggiornamento dati modificati tabella: F0006 - [ Anagrafica Centri ]
13.07.2016 15.03.51 ---> Aggiornamento dati: .................................................................................................. [ OK ]
13.07.2016 15.03.51 ---> Record aggiornati: [ 0 ]
13.07.2016 15.03.51 ---> Inserimento nuovi dati: .............................................................................................. [ OK ]
13.07.2016 15.03.51 ---> Record inseriti: [ 0 ]
13.07.2016 15.03.51 ---> Cancellazione dati non necessari: .................................................................................... [ OK ]
13.07.2016 15.03.51 ---> Record cancellati: [ 0 ]
13.07.2016 15.03.51 ---> Aggiornamento dati modificati tabella: F0101 - [ Rubrica Indirizzi ]
13.07.2016 15.03.51 ---> Aggiornamento dati: .................................................................................................. [ OK ]
13.07.2016 15.03.51 ---> Record aggiornati: [ 0 ]
13.07.2016 15.03.51 ---> Inserimento nuovi dati: .............................................................................................. [ OK ]
13.07.2016 15.03.51 ---> Record inseriti: [ 0 ]
13.07.2016 15.03.51 ---> Cancellazione dati non necessari: .................................................................................... [ OK ]
13.07.2016 15.03.51 ---> Record cancellati: [ 0 ]
13.07.2016 15.03.51 ---> Aggiornamento dati modificati tabella: F4801 - [ Testate Ordini di Produzione 1 ]
13.07.2016 15.03.51 ---> Aggiornamento dati: .................................................................................................. [ OK ]
13.07.2016 15.03.51 ---> Record aggiornati: [ 0 ]
13.07.2016 15.03.51 ---> Inserimento nuovi dati: .............................................................................................. [ OK ]
13.07.2016 15.03.51 ---> Record inseriti: [ 0 ]
13.07.2016 15.03.51 ---> Cancellazione dati non necessari: .................................................................................... [ OK ]
13.07.2016 15.03.51 ---> Record cancellati: [ 0 ]
13.07.2016 15.03.51 ---> Aggiornamento dati modificati tabella: F4801T - [ Testate Ordini di Produzione 2 ]
13.07.2016 15.03.51 ---> Aggiornamento dati: .................................................................................................. [ OK ]
13.07.2016 15.03.51 ---> Record aggiornati: [ 22792 ]
13.07.2016 15.03.51 ---> Inserimento nuovi dati: .............................................................................................. [ OK ]
13.07.2016 15.03.51 ---> Record inseriti: [ 0 ]
13.07.2016 15.03.51 ---> Cancellazione dati non necessari: .................................................................................... [ OK ]
13.07.2016 15.03.51 ---> Record cancellati: [ 0 ]
13.07.2016 15.03.51 ---> Aggiornamento dati modificati tabella: F2112 - [ Cicli Ordini di Produzione ]
13.07.2016 15.03.51 ---> Aggiornamento dati: .................................................................................................. [ OK ]
13.07.2016 15.03.51 ---> Record aggiornati: [ 0 ]
13.07.2016 15.03.51 ---> Inserimento nuovi dati: .............................................................................................. [ OK ]
13.07.2016 15.03.51 ---> Record inseriti: [ 0 ]
13.07.2016 15.03.51 ---> Cancellazione dati non necessari: .................................................................................... [ OK ]
13.07.2016 15.03.51 ---> Record cancellati: [ 0 ]
13.07.2016 15.03.51 ---> Fine procedura di sincronizzazione [ 13/07/2016 15.04.00 ]
13.07.2016 15.03.51 ---> Durata procedura in secondi:  [ 8.0 ]
13.07.2016 15.03.51 ---> Durata procedura in minuti:  [ 0,13 ]
