13.07.2016 15.05.22 ---> ***** Mes Database Synchronizer [ from: Oracle to: Mysql ] *****
13.07.2016 15.05.22 ---> Indirizzo ip di destinazione: 192.168.100.6
13.07.2016 15.05.22 ---> Inizio procedura di sincronizzazione [ 13/07/2016 15.05.23 ]
13.07.2016 15.05.22 ---> Importazione dati su tabella di frontiera: F0006F - [ Anagrafica Centri ]
13.07.2016 15.05.22 ---> Pulitura tabella: .................................................................................................... [ OK ]
13.07.2016 15.05.22 ---> Inserimento dati: .................................................................................................... [ OK ]
13.07.2016 15.05.22 ---> Record inseriti: [ 93 ]
13.07.2016 15.05.22 ---> Importazione dati su tabella di frontiera: F0101F - [ Rubrica Indirizzi ]
13.07.2016 15.05.22 ---> Pulitura tabella: .................................................................................................... [ OK ]
13.07.2016 15.05.22 ---> Inserimento dati: .................................................................................................... [ OK ]
13.07.2016 15.05.22 ---> Record inseriti: [ 558 ]
13.07.2016 15.05.22 ---> Inizio procedura di elaborazione variazioni...
13.07.2016 15.05.22 ---> Aggiornamento dati modificati tabella: F0006 - [ Anagrafica Centri ]
13.07.2016 15.05.22 ---> Aggiornamento dati: .................................................................................................. [ OK ]
13.07.2016 15.05.22 ---> Record aggiornati: [ 0 ]
13.07.2016 15.05.22 ---> Inserimento nuovi dati: .............................................................................................. [ OK ]
13.07.2016 15.05.22 ---> Record inseriti: [ 0 ]
13.07.2016 15.05.22 ---> Cancellazione dati non necessari: .................................................................................... [ OK ]
13.07.2016 15.05.22 ---> Record cancellati: [ 0 ]
13.07.2016 15.05.22 ---> Aggiornamento dati modificati tabella: F0101 - [ Rubrica Indirizzi ]
13.07.2016 15.05.22 ---> Aggiornamento dati: .................................................................................................. [ OK ]
13.07.2016 15.05.22 ---> Record aggiornati: [ 0 ]
13.07.2016 15.05.22 ---> Inserimento nuovi dati: .............................................................................................. [ OK ]
13.07.2016 15.05.22 ---> Record inseriti: [ 0 ]
13.07.2016 15.05.22 ---> Cancellazione dati non necessari: .................................................................................... [ OK ]
13.07.2016 15.05.22 ---> Record cancellati: [ 0 ]
13.07.2016 15.05.22 ---> Aggiornamento dati modificati tabella: F4801 - [ Testate Ordini di Produzione 1 ]
13.07.2016 15.05.22 ---> Aggiornamento dati: .................................................................................................. [ OK ]
13.07.2016 15.05.22 ---> Record aggiornati: [ 0 ]
13.07.2016 15.05.22 ---> Inserimento nuovi dati: .............................................................................................. [ OK ]
13.07.2016 15.05.22 ---> Record inseriti: [ 0 ]
13.07.2016 15.05.22 ---> Cancellazione dati non necessari: .................................................................................... [ OK ]
13.07.2016 15.05.22 ---> Record cancellati: [ 0 ]
13.07.2016 15.05.22 ---> Aggiornamento dati modificati tabella: F4801T - [ Testate Ordini di Produzione 2 ]
13.07.2016 15.05.22 ---> Aggiornamento dati: .................................................................................................. [ OK ]
13.07.2016 15.05.22 ---> Record aggiornati: [ 22792 ]
13.07.2016 15.05.22 ---> Inserimento nuovi dati: .............................................................................................. [ OK ]
13.07.2016 15.05.22 ---> Record inseriti: [ 0 ]
13.07.2016 15.05.22 ---> Cancellazione dati non necessari: .................................................................................... [ OK ]
13.07.2016 15.05.22 ---> Record cancellati: [ 0 ]
13.07.2016 15.05.22 ---> Aggiornamento dati modificati tabella: F2112 - [ Cicli Ordini di Produzione ]
13.07.2016 15.05.22 ---> Aggiornamento dati: .................................................................................................. [ OK ]
13.07.2016 15.05.22 ---> Record aggiornati: [ 0 ]
13.07.2016 15.05.22 ---> Inserimento nuovi dati: .............................................................................................. [ OK ]
13.07.2016 15.05.22 ---> Record inseriti: [ 0 ]
13.07.2016 15.05.22 ---> Cancellazione dati non necessari: .................................................................................... [ OK ]
13.07.2016 15.05.22 ---> Record cancellati: [ 0 ]
13.07.2016 15.05.22 ---> Fine procedura di sincronizzazione [ 13/07/2016 15.05.32 ]
13.07.2016 15.05.22 ---> Durata procedura in secondi:  [ 9 ]
13.07.2016 15.05.22 ---> Durata procedura in minuti:  [ 0,15 ]
