13.07.2016 08.21.06 ---> ***** Mes Database Synchronizer [ from: Oracle to: Mysql ] *****
13.07.2016 08.21.06 ---> Indirizzo ip di destinazione: 192.168.100.6
13.07.2016 08.21.06 ---> Inizio procedura di sincronizzazione...[ 13/07/2016 08.21.07 ]
13.07.2016 08.21.06 ---> Importazione dati su tabella di frontiera: F0006F - [ Anagrafica Centri ]
13.07.2016 08.21.06 ---> Pulitura tabella:
13.07.2016 08.21.06 ---> ... [ OK ]
13.07.2016 08.21.06 ---> Inserimento dati:
13.07.2016 08.21.06 ---> ... [   0 % ]
13.07.2016 08.21.06 ---> ... [  10 % ]
13.07.2016 08.21.06 ---> ... [  20 % ]
13.07.2016 08.21.06 ---> ... [  30 % ]
13.07.2016 08.21.06 ---> ... [  40 % ]
13.07.2016 08.21.06 ---> ... [  60 % ]
13.07.2016 08.21.06 ---> ... [  70 % ]
13.07.2016 08.21.06 ---> ... [  80 % ]
13.07.2016 08.21.06 ---> ... [  90 % ]
13.07.2016 08.21.06 ---> ... [ 100 % ]
13.07.2016 08.21.06 ---> ... [ OK ]
13.07.2016 08.21.06 ---> Record inseriti: [ 93 ]
13.07.2016 08.21.06 ---> Importazione dati su tabella di frontiera: F0101F - [ Rubrica Indirizzi ]
13.07.2016 08.21.06 ---> Pulitura tabella:
13.07.2016 08.21.06 ---> ... [ OK ]
13.07.2016 08.21.06 ---> Inserimento dati:
13.07.2016 08.21.06 ---> ... [   0 % ]
13.07.2016 08.21.06 ---> ... [  10 % ]
13.07.2016 08.21.06 ---> ... [  20 % ]
