13.07.2016 08.12.39 ---> ***** Mes Database Synchronizer [ from: Oracle to: Mysql ] *****
13.07.2016 08.12.39 ---> Indirizzo ip di destinazione: 192.168.100.6
13.07.2016 08.12.39 ---> Inizio procedura di sincronizzazione...[ 13/07/2016 08.12.40 ]
13.07.2016 08.12.39 ---> Importazione dati su tabella di frontiera: F0006F - [ Anagrafica Centri ]
13.07.2016 08.12.39 ---> Pulitura tabella:
13.07.2016 08.12.39 ---> ... [ OK ]
13.07.2016 08.12.39 ---> Inserimento dati:
13.07.2016 08.12.39 ---> ... [   0 % ]
13.07.2016 08.12.39 ---> ... [  10 % ]
13.07.2016 08.12.39 ---> ... [  20 % ]
13.07.2016 08.12.39 ---> ... [  30 % ]
13.07.2016 08.12.39 ---> ... [  40 % ]
13.07.2016 08.12.39 ---> ... [  60 % ]
13.07.2016 08.12.39 ---> ... [  70 % ]
13.07.2016 08.12.39 ---> ... [  80 % ]
13.07.2016 08.12.39 ---> ... [  90 % ]
13.07.2016 08.12.39 ---> ... [ 100 % ]
13.07.2016 08.12.39 ---> ... [ OK ]
13.07.2016 08.12.39 ---> Record inseriti: [ 93 ]
13.07.2016 08.12.39 ---> Importazione dati su tabella di frontiera: F0101F - [ Rubrica Indirizzi ]
13.07.2016 08.12.39 ---> Pulitura tabella:
13.07.2016 08.12.39 ---> ... [ OK ]
13.07.2016 08.12.39 ---> Inserimento dati:
13.07.2016 08.12.39 ---> ... [   0 % ]
13.07.2016 08.12.39 ---> ... [  10 % ]
13.07.2016 08.12.39 ---> ... [  20 % ]
13.07.2016 08.12.39 ---> ... [  30 % ]
13.07.2016 08.12.39 ---> ... [  40 % ]
13.07.2016 08.12.39 ---> ... [  50 % ]
13.07.2016 08.12.39 ---> ... [  60 % ]
13.07.2016 08.12.39 ---> ... [  70 % ]
13.07.2016 08.12.39 ---> ... [  80 % ]
13.07.2016 08.12.39 ---> ... [  90 % ]
13.07.2016 08.12.39 ---> ... [ 100 % ]
13.07.2016 08.12.39 ---> ... [ OK ]
13.07.2016 08.12.39 ---> Record inseriti: [ 558 ]
13.07.2016 08.12.39 ---> Importazione dati su tabella di frontiera: F4801F - [ Testate Ordini di Produzione 1 ]
13.07.2016 08.12.39 ---> Pulitura tabella:
13.07.2016 08.12.39 ---> ... [ OK ]
13.07.2016 08.12.39 ---> Inserimento dati:
13.07.2016 08.12.39 ---> ... [   0 % ]
13.07.2016 08.12.39 ---> ... [  10 % ]
13.07.2016 08.12.39 ---> ... [  20 % ]
13.07.2016 08.12.39 ---> ... [  30 % ]
13.07.2016 08.12.39 ---> ... [  40 % ]
13.07.2016 08.12.39 ---> ... [  50 % ]
13.07.2016 08.12.39 ---> ... [  60 % ]
13.07.2016 08.12.39 ---> ... [  70 % ]
13.07.2016 08.12.39 ---> ... [  80 % ]
13.07.2016 08.12.39 ---> ... [  90 % ]
13.07.2016 08.12.39 ---> ... [ 100 % ]
13.07.2016 08.12.39 ---> ... [ OK ]
13.07.2016 08.12.39 ---> Record inseriti: [ 22804 ]
13.07.2016 08.12.39 ---> Importazione dati su tabella di frontiera: F4801TF - [ Testate Ordini di Produzione 2 ]
13.07.2016 08.12.39 ---> Pulitura tabella:
13.07.2016 08.12.39 ---> ... [ OK ]
13.07.2016 08.12.39 ---> Inserimento dati:
13.07.2016 08.12.39 ---> ... [   0 % ]
13.07.2016 08.12.39 ---> ... [  10 % ]
13.07.2016 08.12.39 ---> ... [  20 % ]
13.07.2016 08.12.39 ---> ... [  30 % ]
13.07.2016 08.12.39 ---> ... [  40 % ]
13.07.2016 08.12.39 ---> ... [  50 % ]
13.07.2016 08.12.39 ---> ... [  60 % ]
13.07.2016 08.12.39 ---> ... [  70 % ]
13.07.2016 08.12.39 ---> ... [  80 % ]
13.07.2016 08.12.39 ---> ... [  90 % ]
13.07.2016 08.12.39 ---> ... [ 100 % ]
13.07.2016 08.12.39 ---> ... [ OK ]
13.07.2016 08.12.39 ---> Record inseriti: [ 22805 ]
13.07.2016 08.12.39 ---> Importazione dati su tabella di frontiera: F3112F - [ Cicli Ordini di Produzione ]
13.07.2016 08.12.39 ---> Pulitura tabella:
13.07.2016 08.12.39 ---> ... [ OK ]
13.07.2016 08.12.39 ---> Inserimento dati:
13.07.2016 08.12.39 ---> ... [   0 % ]
13.07.2016 08.12.39 ---> ... [  10 % ]
13.07.2016 08.12.39 ---> ... [  20 % ]
